D:\PROGRAMMIEREN\C++\NOMAGIC\DEBUG\NOMAGIC.EXE
D:\PROGRAMMIEREN\C++\NOMAGIC\DEBUG\NOMAGIC.ILK
D:\PROGRAMMIEREN\C++\NOMAGIC\DEBUG\NOMAGIC.PDB
D:\Programmieren\C++\NoMagic\NoMagic\Debug\cl.command.1.tlog
D:\Programmieren\C++\NoMagic\NoMagic\Debug\CL.read.1.tlog
D:\Programmieren\C++\NoMagic\NoMagic\Debug\CL.write.1.tlog
D:\Programmieren\C++\NoMagic\NoMagic\Debug\link.1140.read.1.tlog
D:\Programmieren\C++\NoMagic\NoMagic\Debug\link.1140.write.1.tlog
D:\Programmieren\C++\NoMagic\NoMagic\Debug\link.1140-cvtres.read.1.tlog
D:\Programmieren\C++\NoMagic\NoMagic\Debug\link.1140-cvtres.write.1.tlog
D:\Programmieren\C++\NoMagic\NoMagic\Debug\link.1412.read.1.tlog
D:\Programmieren\C++\NoMagic\NoMagic\Debug\link.1412.write.1.tlog
D:\Programmieren\C++\NoMagic\NoMagic\Debug\link.1412-cvtres.read.1.tlog
D:\Programmieren\C++\NoMagic\NoMagic\Debug\link.1412-cvtres.write.1.tlog
D:\Programmieren\C++\NoMagic\NoMagic\Debug\link.2524.read.1.tlog
D:\Programmieren\C++\NoMagic\NoMagic\Debug\link.2524.write.1.tlog
D:\Programmieren\C++\NoMagic\NoMagic\Debug\link.2524-cvtres.read.1.tlog
D:\Programmieren\C++\NoMagic\NoMagic\Debug\link.2524-cvtres.write.1.tlog
D:\Programmieren\C++\NoMagic\NoMagic\Debug\link.3956.read.1.tlog
D:\Programmieren\C++\NoMagic\NoMagic\Debug\link.3956.write.1.tlog
D:\Programmieren\C++\NoMagic\NoMagic\Debug\link.3956-cvtres.read.1.tlog
D:\Programmieren\C++\NoMagic\NoMagic\Debug\link.3956-cvtres.write.1.tlog
D:\Programmieren\C++\NoMagic\NoMagic\Debug\link.4020.read.1.tlog
D:\Programmieren\C++\NoMagic\NoMagic\Debug\link.4020.write.1.tlog
D:\Programmieren\C++\NoMagic\NoMagic\Debug\link.4020-cvtres.read.1.tlog
D:\Programmieren\C++\NoMagic\NoMagic\Debug\link.4020-cvtres.write.1.tlog
D:\Programmieren\C++\NoMagic\NoMagic\Debug\link.4840.read.1.tlog
D:\Programmieren\C++\NoMagic\NoMagic\Debug\link.4840.write.1.tlog
D:\Programmieren\C++\NoMagic\NoMagic\Debug\link.4840-cvtres.read.1.tlog
D:\Programmieren\C++\NoMagic\NoMagic\Debug\link.4840-cvtres.write.1.tlog
D:\Programmieren\C++\NoMagic\NoMagic\Debug\link.5636.read.1.tlog
D:\Programmieren\C++\NoMagic\NoMagic\Debug\link.5636.write.1.tlog
D:\Programmieren\C++\NoMagic\NoMagic\Debug\link.5636-cvtres.read.1.tlog
D:\Programmieren\C++\NoMagic\NoMagic\Debug\link.5636-cvtres.write.1.tlog
D:\Programmieren\C++\NoMagic\NoMagic\Debug\link.5832.read.1.tlog
D:\Programmieren\C++\NoMagic\NoMagic\Debug\link.5832.write.1.tlog
D:\Programmieren\C++\NoMagic\NoMagic\Debug\link.5832-cvtres.read.1.tlog
D:\Programmieren\C++\NoMagic\NoMagic\Debug\link.5832-cvtres.write.1.tlog
D:\Programmieren\C++\NoMagic\NoMagic\Debug\link.692.read.1.tlog
D:\Programmieren\C++\NoMagic\NoMagic\Debug\link.692.write.1.tlog
D:\Programmieren\C++\NoMagic\NoMagic\Debug\link.692-cvtres.read.1.tlog
D:\Programmieren\C++\NoMagic\NoMagic\Debug\link.692-cvtres.write.1.tlog
D:\Programmieren\C++\NoMagic\NoMagic\Debug\link.command.1.tlog
D:\Programmieren\C++\NoMagic\NoMagic\Debug\link.read.1.tlog
D:\Programmieren\C++\NoMagic\NoMagic\Debug\link.write.1.tlog
D:\Programmieren\C++\NoMagic\NoMagic\Debug\link-cvtres.read.1.tlog
D:\Programmieren\C++\NoMagic\NoMagic\Debug\link-cvtres.write.1.tlog
D:\PROGRAMMIEREN\C++\NOMAGIC\NOMAGIC\DEBUG\MAIN.OBJ
D:\Programmieren\C++\NoMagic\NoMagic\Debug\mt.command.1.tlog
D:\Programmieren\C++\NoMagic\NoMagic\Debug\mt.read.1.tlog
D:\Programmieren\C++\NoMagic\NoMagic\Debug\mt.write.1.tlog
D:\PROGRAMMIEREN\C++\NOMAGIC\NOMAGIC\DEBUG\NOMAGIC.EXE.EMBED.MANIFEST
D:\PROGRAMMIEREN\C++\NOMAGIC\NOMAGIC\DEBUG\NOMAGIC.EXE.EMBED.MANIFEST.RES
D:\PROGRAMMIEREN\C++\NOMAGIC\NOMAGIC\DEBUG\NOMAGIC.EXE.INTERMEDIATE.MANIFEST
D:\PROGRAMMIEREN\C++\NOMAGIC\NOMAGIC\DEBUG\NOMAGIC.OBJ
D:\Programmieren\C++\NoMagic\NoMagic\Debug\NoMagic_manifest.rc
D:\PROGRAMMIEREN\C++\NOMAGIC\NOMAGIC\DEBUG\OBJECTMGR.OBJ
D:\Programmieren\C++\NoMagic\NoMagic\Debug\rc.command.1.tlog
D:\Programmieren\C++\NoMagic\NoMagic\Debug\rc.read.1.tlog
D:\Programmieren\C++\NoMagic\NoMagic\Debug\rc.write.1.tlog
D:\PROGRAMMIEREN\C++\NOMAGIC\NOMAGIC\DEBUG\STDAFX.OBJ
D:\Programmieren\C++\NoMagic\NoMagic\Debug\vc100.idb
D:\PROGRAMMIEREN\C++\NOMAGIC\NOMAGIC\DEBUG\VC100.PDB
